<?xml version="1.0" encoding="UTF-8"?>
<!-- Generated by org.testng.reporters.JUnitReportReporter -->
<testsuite skipped="0" hostname="DESKTOP-NIJC6J2" name="testcase.SeleniumTC" tests="12" failures="0" timestamp="15 Dec 2019 15:59:16 GMT" time="5.456" errors="0">
  <testcase name="firstName" time="0.151" classname="testcase.SeleniumTC"/>
  <testcase name="lastName" time="0.112" classname="testcase.SeleniumTC"/>
  <testcase name="emailID" time="0.184" classname="testcase.SeleniumTC"/>
  <testcase name="phoneNo" time="0.128" classname="testcase.SeleniumTC"/>
  <testcase name="address" time="0.224" classname="testcase.SeleniumTC"/>
  <testcase name="city" time="0.124" classname="testcase.SeleniumTC"/>
  <testcase name="stateInd" time="1.745" classname="testcase.SeleniumTC"/>
  <testcase name="zipCode" time="0.187" classname="testcase.SeleniumTC"/>
  <testcase name="website" time="0.157" classname="testcase.SeleniumTC"/>
  <testcase name="hosting" time="0.098" classname="testcase.SeleniumTC"/>
  <testcase name="projectDescription" time="0.113" classname="testcase.SeleniumTC"/>
  <testcase name="submit" time="2.233" classname="testcase.SeleniumTC"/>
</testsuite> <!-- testcase.SeleniumTC -->
