<?xml version="1.0" encoding="UTF-8"?>
<!-- Generated by org.testng.reporters.JUnitReportReporter -->
<testsuite skipped="0" hostname="MugeshML" name="TestNG.ParallelExecution" tests="3" failures="0" timestamp="26 Nov 2019 04:29:35 GMT" time="28.338" errors="0">
  <testcase name="launch3" time="9.087" classname="TestNG.ParallelExecution"/>
  <testcase name="launch2" time="9.504" classname="TestNG.ParallelExecution"/>
  <testcase name="launch" time="9.747" classname="TestNG.ParallelExecution"/>
</testsuite> <!-- TestNG.ParallelExecution -->
