<?xml version="1.0" encoding="UTF-8"?>
<!-- Generated by org.testng.reporters.JUnitReportReporter -->
<testsuite skipped="0" hostname="MugeshML" name="TestNG.Grouping" tests="3" failures="0" timestamp="25 Nov 2019 05:11:50 GMT" time="5.340" errors="0">
  <testcase name="ask" time="1.444" classname="TestNG.Grouping"/>
  <testcase name="yahoo" time="2.471" classname="TestNG.Grouping"/>
  <testcase name="google" time="1.425" classname="TestNG.Grouping"/>
</testsuite> <!-- TestNG.Grouping -->
